[I 250524 20:37:34 server:1338] Equity WebSocket Opened
[I 250524 20:37:39 server:1343] Options WebSocket 2 Opened
[I 250524 20:37:39 server:1257] ws2: Subscribing batch 1/10 with 990 tokens
[I 250524 20:37:40 server:1257] ws2: Subscribing batch 2/10 with 990 tokens
[I 250524 20:37:40 server:1263] ws2: Unsubscribing batch 2/10 with 990 tokens
[I 250524 20:37:42 server:1257] ws2: Subscribing batch 3/10 with 990 tokens
[I 250524 20:37:42 server:1263] ws2: Unsubscribing batch 3/10 with 990 tokens
[I 250524 20:37:44 server:1257] ws2: Subscribing batch 4/10 with 990 tokens
[I 250524 20:37:44 server:1263] ws2: Unsubscribing batch 4/10 with 990 tokens
[I 250524 20:37:46 server:1257] ws2: Subscribing batch 5/10 with 990 tokens
[I 250524 20:37:46 server:1263] ws2: Unsubscribing batch 5/10 with 990 tokens
[I 250524 20:37:48 server:1257] ws2: Subscribing batch 6/10 with 990 tokens
[I 250524 20:37:48 server:1263] ws2: Unsubscribing batch 6/10 with 990 tokens
[I 250524 20:37:50 server:1257] ws2: Subscribing batch 7/10 with 990 tokens
[I 250524 20:37:50 server:1263] ws2: Unsubscribing batch 7/10 with 990 tokens
[I 250524 20:37:52 server:1257] ws2: Subscribing batch 8/10 with 990 tokens
[I 250524 20:37:52 server:1263] ws2: Unsubscribing batch 8/10 with 990 tokens
[I 250524 20:37:54 server:1257] ws2: Subscribing batch 9/10 with 990 tokens
[I 250524 20:37:54 server:1263] ws2: Unsubscribing batch 9/10 with 990 tokens
[I 250524 20:37:56 server:1257] ws2: Subscribing batch 10/10 with 148 tokens
[I 250524 20:37:57 server:1263] ws2: Unsubscribing batch 10/10 with 990 tokens
[I 250524 20:38:14 server:1257] ws2: Subscribing batch 1/10 with 990 tokens
[I 250524 20:38:14 server:1263] ws2: Unsubscribing batch 1/10 with 148 tokens
[I 250524 20:38:16 server:1257] ws2: Subscribing batch 2/10 with 990 tokens
[I 250524 20:38:16 server:1263] ws2: Unsubscribing batch 2/10 with 990 tokens
[I 250524 20:38:18 server:1257] ws2: Subscribing batch 3/10 with 990 tokens
[I 250524 20:38:18 server:1263] ws2: Unsubscribing batch 3/10 with 990 tokens
[I 250524 20:38:20 server:1257] ws2: Subscribing batch 4/10 with 990 tokens
[I 250524 20:38:20 server:1263] ws2: Unsubscribing batch 4/10 with 990 tokens
[I 250524 20:38:22 server:1257] ws2: Subscribing batch 5/10 with 990 tokens
[I 250524 20:38:22 server:1263] ws2: Unsubscribing batch 5/10 with 990 tokens
[I 250524 20:38:24 server:1257] ws2: Subscribing batch 6/10 with 990 tokens
[I 250524 20:38:24 server:1263] ws2: Unsubscribing batch 6/10 with 990 tokens
[I 250524 20:38:26 server:1257] ws2: Subscribing batch 7/10 with 990 tokens
[I 250524 20:38:26 server:1263] ws2: Unsubscribing batch 7/10 with 990 tokens
[I 250524 20:38:28 server:1257] ws2: Subscribing batch 8/10 with 990 tokens
[I 250524 20:38:28 server:1263] ws2: Unsubscribing batch 8/10 with 990 tokens
[I 250524 20:38:30 server:1257] ws2: Subscribing batch 9/10 with 990 tokens
[I 250524 20:38:30 server:1263] ws2: Unsubscribing batch 9/10 with 990 tokens
[I 250524 20:38:32 server:1257] ws2: Subscribing batch 10/10 with 148 tokens
[I 250524 20:38:32 server:1263] ws2: Unsubscribing batch 10/10 with 990 tokens
[I 250524 20:38:48 server:1257] ws2: Subscribing batch 1/10 with 990 tokens
[I 250524 20:38:48 server:1263] ws2: Unsubscribing batch 1/10 with 148 tokens
[I 250524 20:38:50 server:1257] ws2: Subscribing batch 2/10 with 990 tokens
[I 250524 20:38:50 server:1263] ws2: Unsubscribing batch 2/10 with 990 tokens
[I 250524 20:38:52 server:1257] ws2: Subscribing batch 3/10 with 990 tokens
[I 250524 20:38:52 server:1263] ws2: Unsubscribing batch 3/10 with 990 tokens
[I 250524 20:38:54 server:1257] ws2: Subscribing batch 4/10 with 990 tokens
[I 250524 20:38:54 server:1263] ws2: Unsubscribing batch 4/10 with 990 tokens
[I 250524 20:38:56 server:1257] ws2: Subscribing batch 5/10 with 990 tokens
[I 250524 20:38:56 server:1263] ws2: Unsubscribing batch 5/10 with 990 tokens
[I 250524 20:38:58 server:1257] ws2: Subscribing batch 6/10 with 990 tokens
[I 250524 20:38:58 server:1263] ws2: Unsubscribing batch 6/10 with 990 tokens
[I 250524 20:39:00 server:1257] ws2: Subscribing batch 7/10 with 990 tokens
[I 250524 20:39:00 server:1263] ws2: Unsubscribing batch 7/10 with 990 tokens
[I 250524 20:39:02 server:1257] ws2: Subscribing batch 8/10 with 990 tokens
[I 250524 20:39:02 server:1263] ws2: Unsubscribing batch 8/10 with 990 tokens
[I 250524 20:39:04 server:1257] ws2: Subscribing batch 9/10 with 990 tokens
[I 250524 20:39:04 server:1263] ws2: Unsubscribing batch 9/10 with 990 tokens
[I 250524 20:39:06 server:1257] ws2: Subscribing batch 10/10 with 148 tokens
[I 250524 20:39:06 server:1263] ws2: Unsubscribing batch 10/10 with 990 tokens
[I 250524 20:39:21 server:1257] ws2: Subscribing batch 1/10 with 990 tokens
[I 250524 20:39:21 server:1263] ws2: Unsubscribing batch 1/10 with 148 tokens
[I 250524 20:39:23 server:1257] ws2: Subscribing batch 2/10 with 990 tokens
[I 250524 20:39:23 server:1263] ws2: Unsubscribing batch 2/10 with 990 tokens
[I 250524 20:39:25 server:1257] ws2: Subscribing batch 3/10 with 990 tokens
[I 250524 20:39:25 server:1263] ws2: Unsubscribing batch 3/10 with 990 tokens
[I 250524 20:39:27 server:1257] ws2: Subscribing batch 4/10 with 990 tokens
[I 250524 20:39:27 server:1263] ws2: Unsubscribing batch 4/10 with 990 tokens
[I 250524 20:39:29 server:1257] ws2: Subscribing batch 5/10 with 990 tokens
[I 250524 20:39:29 server:1263] ws2: Unsubscribing batch 5/10 with 990 tokens
[I 250524 20:39:31 server:1257] ws2: Subscribing batch 6/10 with 990 tokens
[I 250524 20:39:31 server:1263] ws2: Unsubscribing batch 6/10 with 990 tokens
[I 250524 20:39:33 server:1257] ws2: Subscribing batch 7/10 with 990 tokens
[I 250524 20:39:33 server:1263] ws2: Unsubscribing batch 7/10 with 990 tokens
[I 250524 20:39:35 server:1257] ws2: Subscribing batch 8/10 with 990 tokens
[I 250524 20:39:35 server:1263] ws2: Unsubscribing batch 8/10 with 990 tokens
[I 250524 20:39:37 server:1257] ws2: Subscribing batch 9/10 with 990 tokens
[I 250524 20:39:37 server:1263] ws2: Unsubscribing batch 9/10 with 990 tokens
[I 250524 20:39:39 server:1257] ws2: Subscribing batch 10/10 with 148 tokens
[I 250524 20:39:39 server:1263] ws2: Unsubscribing batch 10/10 with 990 tokens
[I 250524 20:39:56 server:1257] ws2: Subscribing batch 1/10 with 990 tokens
[I 250524 20:39:56 server:1263] ws2: Unsubscribing batch 1/10 with 148 tokens
[I 250524 20:39:58 server:1257] ws2: Subscribing batch 2/10 with 990 tokens
[I 250524 20:39:58 server:1263] ws2: Unsubscribing batch 2/10 with 990 tokens
[I 250524 20:40:00 server:1257] ws2: Subscribing batch 3/10 with 990 tokens
[I 250524 20:40:00 server:1263] ws2: Unsubscribing batch 3/10 with 990 tokens
[I 250524 20:40:02 server:1257] ws2: Subscribing batch 4/10 with 990 tokens
[I 250524 20:40:02 server:1263] ws2: Unsubscribing batch 4/10 with 990 tokens
[I 250524 20:40:04 server:1257] ws2: Subscribing batch 5/10 with 990 tokens
[I 250524 20:40:04 server:1263] ws2: Unsubscribing batch 5/10 with 990 tokens
[I 250524 20:40:06 server:1257] ws2: Subscribing batch 6/10 with 990 tokens
[I 250524 20:40:06 server:1263] ws2: Unsubscribing batch 6/10 with 990 tokens
[I 250524 20:40:08 server:1257] ws2: Subscribing batch 7/10 with 990 tokens
[I 250524 20:40:08 server:1263] ws2: Unsubscribing batch 7/10 with 990 tokens
[I 250524 20:40:10 server:1257] ws2: Subscribing batch 8/10 with 990 tokens
[I 250524 20:40:10 server:1263] ws2: Unsubscribing batch 8/10 with 990 tokens
[I 250524 20:40:12 server:1257] ws2: Subscribing batch 9/10 with 990 tokens
[I 250524 20:40:12 server:1263] ws2: Unsubscribing batch 9/10 with 990 tokens
[I 250524 20:40:14 server:1257] ws2: Subscribing batch 10/10 with 148 tokens
[I 250524 20:40:14 server:1263] ws2: Unsubscribing batch 10/10 with 990 tokens
[I 250524 20:40:22 server:1427] Interrupt received. Closing WebSockets...
[I 250524 20:40:22 server:1397] WebSocket 1 disconnected successfully.
[W 250524 20:40:22 smartWebSocketV2:318] Attempting to resubscribe/reconnect (Attempt 1)...
[I 250524 20:40:22 server:1401] WebSocket 2 disconnected successfully.
[W 250524 20:40:22 smartWebSocketV2:318] Attempting to resubscribe/reconnect (Attempt 1)...
[I 250524 20:40:22 server:1405] WebSocket 3 disconnected successfully.
[I 250524 20:42:03 server:1338] Equity WebSocket Opened
[I 250524 20:42:08 server:1343] Options WebSocket 2 Opened
[I 250524 20:42:08 server:1257] ws2: Subscribing batch 1/10 with 990 tokens
[I 250524 20:42:09 server:1257] ws2: Subscribing batch 2/10 with 990 tokens
[I 250524 20:42:09 server:1263] ws2: Unsubscribing batch 2/10 with 990 tokens
[I 250524 20:42:11 server:1257] ws2: Subscribing batch 3/10 with 990 tokens
[I 250524 20:42:11 server:1263] ws2: Unsubscribing batch 3/10 with 990 tokens
[I 250524 20:42:13 server:1257] ws2: Subscribing batch 4/10 with 990 tokens
[I 250524 20:42:13 server:1263] ws2: Unsubscribing batch 4/10 with 990 tokens
[I 250524 20:42:15 server:1257] ws2: Subscribing batch 5/10 with 990 tokens
[I 250524 20:42:15 server:1263] ws2: Unsubscribing batch 5/10 with 990 tokens
[I 250524 20:42:17 server:1257] ws2: Subscribing batch 6/10 with 990 tokens
[I 250524 20:42:17 server:1263] ws2: Unsubscribing batch 6/10 with 990 tokens
[I 250524 20:42:19 server:1257] ws2: Subscribing batch 7/10 with 990 tokens
[I 250524 20:42:19 server:1263] ws2: Unsubscribing batch 7/10 with 990 tokens
[I 250524 20:42:21 server:1257] ws2: Subscribing batch 8/10 with 990 tokens
[I 250524 20:42:21 server:1263] ws2: Unsubscribing batch 8/10 with 990 tokens
[I 250524 20:42:23 server:1257] ws2: Subscribing batch 9/10 with 990 tokens
[I 250524 20:42:23 server:1263] ws2: Unsubscribing batch 9/10 with 990 tokens
[I 250524 20:42:25 server:1257] ws2: Subscribing batch 10/10 with 148 tokens
[I 250524 20:42:25 server:1263] ws2: Unsubscribing batch 10/10 with 990 tokens
[I 250524 20:42:43 server:1257] ws2: Subscribing batch 1/10 with 990 tokens
[I 250524 20:42:43 server:1263] ws2: Unsubscribing batch 1/10 with 148 tokens
[I 250524 20:42:45 server:1257] ws2: Subscribing batch 2/10 with 990 tokens
[I 250524 20:42:45 server:1263] ws2: Unsubscribing batch 2/10 with 990 tokens
[I 250524 20:42:47 server:1257] ws2: Subscribing batch 3/10 with 990 tokens
[I 250524 20:42:47 server:1263] ws2: Unsubscribing batch 3/10 with 990 tokens
[I 250524 20:42:49 server:1257] ws2: Subscribing batch 4/10 with 990 tokens
[I 250524 20:42:49 server:1263] ws2: Unsubscribing batch 4/10 with 990 tokens
[I 250524 20:42:51 server:1257] ws2: Subscribing batch 5/10 with 990 tokens
[I 250524 20:42:51 server:1263] ws2: Unsubscribing batch 5/10 with 990 tokens
[I 250524 20:42:53 server:1257] ws2: Subscribing batch 6/10 with 990 tokens
[I 250524 20:42:53 server:1263] ws2: Unsubscribing batch 6/10 with 990 tokens
[I 250524 20:42:55 server:1257] ws2: Subscribing batch 7/10 with 990 tokens
[I 250524 20:42:55 server:1263] ws2: Unsubscribing batch 7/10 with 990 tokens
[I 250524 20:42:57 server:1257] ws2: Subscribing batch 8/10 with 990 tokens
[I 250524 20:42:57 server:1263] ws2: Unsubscribing batch 8/10 with 990 tokens
[I 250524 20:42:59 server:1257] ws2: Subscribing batch 9/10 with 990 tokens
[I 250524 20:42:59 server:1263] ws2: Unsubscribing batch 9/10 with 990 tokens
[I 250524 20:43:01 server:1257] ws2: Subscribing batch 10/10 with 148 tokens
[I 250524 20:43:01 server:1263] ws2: Unsubscribing batch 10/10 with 990 tokens
[I 250524 20:43:19 server:1257] ws2: Subscribing batch 1/10 with 990 tokens
[I 250524 20:43:19 server:1263] ws2: Unsubscribing batch 1/10 with 148 tokens
[I 250524 20:43:21 server:1257] ws2: Subscribing batch 2/10 with 990 tokens
[I 250524 20:43:21 server:1263] ws2: Unsubscribing batch 2/10 with 990 tokens
[I 250524 20:43:23 server:1257] ws2: Subscribing batch 3/10 with 990 tokens
[I 250524 20:43:23 server:1263] ws2: Unsubscribing batch 3/10 with 990 tokens
[I 250524 20:43:25 server:1257] ws2: Subscribing batch 4/10 with 990 tokens
[I 250524 20:43:25 server:1263] ws2: Unsubscribing batch 4/10 with 990 tokens
[I 250524 20:43:27 server:1257] ws2: Subscribing batch 5/10 with 990 tokens
[I 250524 20:43:27 server:1263] ws2: Unsubscribing batch 5/10 with 990 tokens
[I 250524 20:43:29 server:1257] ws2: Subscribing batch 6/10 with 990 tokens
[I 250524 20:43:29 server:1263] ws2: Unsubscribing batch 6/10 with 990 tokens
[I 250524 20:43:31 server:1257] ws2: Subscribing batch 7/10 with 990 tokens
[I 250524 20:43:31 server:1263] ws2: Unsubscribing batch 7/10 with 990 tokens
[I 250524 20:43:33 server:1427] Interrupt received. Closing WebSockets...
[I 250524 20:43:33 server:1397] WebSocket 1 disconnected successfully.
[W 250524 20:43:33 smartWebSocketV2:318] Attempting to resubscribe/reconnect (Attempt 1)...
[W 250524 20:43:33 smartWebSocketV2:318] Attempting to resubscribe/reconnect (Attempt 1)...
[I 250524 20:43:33 server:1401] WebSocket 2 disconnected successfully.
[I 250524 20:43:33 server:1405] WebSocket 3 disconnected successfully.
[I 250524 21:56:56 server:1435] Equity WebSocket Opened
[I 250524 21:58:51 server:1434] Equity WebSocket Opened
[I 250524 21:58:56 server:1439] Options WebSocket 2 Opened
[I 250524 21:58:56 server:1353] ws2: Subscribing batch 1/10 with 990 tokens
[I 250524 21:58:57 server:1353] ws2: Subscribing batch 2/10 with 990 tokens
[I 250524 21:58:57 server:1359] ws2: Unsubscribing batch 2/10 with 990 tokens
[I 250524 21:58:59 server:1353] ws2: Subscribing batch 3/10 with 990 tokens
[I 250524 21:58:59 server:1359] ws2: Unsubscribing batch 3/10 with 990 tokens
[I 250524 21:59:01 server:1353] ws2: Subscribing batch 4/10 with 990 tokens
[I 250524 21:59:01 server:1359] ws2: Unsubscribing batch 4/10 with 990 tokens
[I 250524 21:59:03 server:1353] ws2: Subscribing batch 5/10 with 990 tokens
[I 250524 21:59:03 server:1359] ws2: Unsubscribing batch 5/10 with 990 tokens
[I 250524 21:59:06 server:1353] ws2: Subscribing batch 6/10 with 990 tokens
[I 250524 21:59:06 server:1359] ws2: Unsubscribing batch 6/10 with 990 tokens
[I 250524 21:59:08 server:1353] ws2: Subscribing batch 7/10 with 990 tokens
[I 250524 21:59:08 server:1359] ws2: Unsubscribing batch 7/10 with 990 tokens
[I 250524 21:59:10 server:1353] ws2: Subscribing batch 8/10 with 990 tokens
[I 250524 21:59:10 server:1359] ws2: Unsubscribing batch 8/10 with 990 tokens
[I 250524 21:59:12 server:1353] ws2: Subscribing batch 9/10 with 990 tokens
[I 250524 21:59:12 server:1359] ws2: Unsubscribing batch 9/10 with 990 tokens
[I 250524 21:59:14 server:1353] ws2: Subscribing batch 10/10 with 148 tokens
[I 250524 21:59:14 server:1359] ws2: Unsubscribing batch 10/10 with 990 tokens
[I 250524 22:01:38 server:1524] Interrupt received. Closing WebSockets...
[I 250524 22:01:38 server:1493] WebSocket 1 disconnected successfully.
[W 250524 22:01:38 smartWebSocketV2:318] Attempting to resubscribe/reconnect (Attempt 1)...
[I 250524 22:01:38 server:1497] WebSocket 2 disconnected successfully.
[W 250524 22:01:38 smartWebSocketV2:318] Attempting to resubscribe/reconnect (Attempt 1)...
[I 250524 22:01:38 server:1501] WebSocket 3 disconnected successfully.
[I 250524 22:03:09 server:1425] Equity WebSocket Opened
[I 250524 22:03:14 server:1430] Options WebSocket 2 Opened
[I 250524 22:03:14 server:1344] ws2: Subscribing batch 1/10 with 990 tokens
[I 250524 22:03:15 server:1344] ws2: Subscribing batch 2/10 with 990 tokens
[I 250524 22:03:15 server:1350] ws2: Unsubscribing batch 2/10 with 990 tokens
[I 250524 22:03:17 server:1344] ws2: Subscribing batch 3/10 with 990 tokens
[I 250524 22:03:17 server:1350] ws2: Unsubscribing batch 3/10 with 990 tokens
[I 250524 22:03:19 server:1344] ws2: Subscribing batch 4/10 with 990 tokens
[I 250524 22:03:19 server:1350] ws2: Unsubscribing batch 4/10 with 990 tokens
[I 250524 22:03:21 server:1344] ws2: Subscribing batch 5/10 with 990 tokens
[I 250524 22:03:21 server:1350] ws2: Unsubscribing batch 5/10 with 990 tokens
[I 250524 22:03:24 server:1344] ws2: Subscribing batch 6/10 with 990 tokens
[I 250524 22:03:24 server:1350] ws2: Unsubscribing batch 6/10 with 990 tokens
[I 250524 22:03:26 server:1344] ws2: Subscribing batch 7/10 with 990 tokens
[I 250524 22:03:26 server:1350] ws2: Unsubscribing batch 7/10 with 990 tokens
[I 250524 22:03:28 server:1344] ws2: Subscribing batch 8/10 with 990 tokens
[I 250524 22:03:28 server:1350] ws2: Unsubscribing batch 8/10 with 990 tokens
[I 250524 22:03:30 server:1344] ws2: Subscribing batch 9/10 with 990 tokens
[I 250524 22:03:30 server:1350] ws2: Unsubscribing batch 9/10 with 990 tokens
[I 250524 22:03:32 server:1344] ws2: Subscribing batch 10/10 with 148 tokens
[I 250524 22:03:32 server:1350] ws2: Unsubscribing batch 10/10 with 990 tokens
[I 250524 22:37:27 server:1425] Equity WebSocket Opened
[I 250524 22:37:32 server:1430] Options WebSocket 2 Opened
[I 250524 22:37:32 server:1344] ws2: Subscribing batch 1/10 with 990 tokens
[I 250524 22:37:33 server:1344] ws2: Subscribing batch 2/10 with 990 tokens
[I 250524 22:37:33 server:1350] ws2: Unsubscribing batch 2/10 with 990 tokens
[I 250524 22:37:35 server:1344] ws2: Subscribing batch 3/10 with 990 tokens
[I 250524 22:37:35 server:1350] ws2: Unsubscribing batch 3/10 with 990 tokens
[I 250524 22:37:37 server:1344] ws2: Subscribing batch 4/10 with 990 tokens
[I 250524 22:37:37 server:1350] ws2: Unsubscribing batch 4/10 with 990 tokens
[I 250524 22:37:39 server:1344] ws2: Subscribing batch 5/10 with 990 tokens
[I 250524 22:37:39 server:1350] ws2: Unsubscribing batch 5/10 with 990 tokens
[I 250524 22:37:41 server:1344] ws2: Subscribing batch 6/10 with 990 tokens
[I 250524 22:37:41 server:1350] ws2: Unsubscribing batch 6/10 with 990 tokens
[I 250524 22:37:43 server:1344] ws2: Subscribing batch 7/10 with 990 tokens
[I 250524 22:37:43 server:1350] ws2: Unsubscribing batch 7/10 with 990 tokens
[I 250524 22:37:45 server:1344] ws2: Subscribing batch 8/10 with 990 tokens
[I 250524 22:37:45 server:1350] ws2: Unsubscribing batch 8/10 with 990 tokens
[I 250524 22:37:47 server:1344] ws2: Subscribing batch 9/10 with 990 tokens
[I 250524 22:37:47 server:1350] ws2: Unsubscribing batch 9/10 with 990 tokens
[I 250524 22:37:49 server:1344] ws2: Subscribing batch 10/10 with 148 tokens
[I 250524 22:37:49 server:1350] ws2: Unsubscribing batch 10/10 with 990 tokens
[I 250524 22:55:57 server:1515] Interrupt received. Closing WebSockets...
[I 250524 22:55:57 server:1484] WebSocket 1 disconnected successfully.
[W 250524 22:55:57 smartWebSocketV2:318] Attempting to resubscribe/reconnect (Attempt 1)...
[W 250524 22:55:57 smartWebSocketV2:318] Attempting to resubscribe/reconnect (Attempt 1)...
[I 250524 22:55:57 server:1488] WebSocket 2 disconnected successfully.
[I 250524 22:55:57 server:1492] WebSocket 3 disconnected successfully.
